<?xml version="1.0" encoding="UTF-8"?>
<!-- Generated by org.testng.reporters.JUnitXMLReporter -->
<testsuite hostname="Rayudu-PC" ignored="0" name="Error Validations Test" tests="3" failures="1" timestamp="15 Mar 2023 19:32:13 GMT" time="34.331" errors="0">
  <testcase name="LoginErrorValidation" time="0.608" classname="rayuduacademy.ErrorValidations">
    <skipped/>
  </testcase> <!-- LoginErrorValidation -->
  <testcase name="LoginErrorValidation" time="0.593" classname="rayuduacademy.ErrorValidations">
    <failure type="java.lang.AssertionError" message="expected [Incorrect email or password.] but found [Incorrect email  password]">
      <![CDATA[java.lang.AssertionError: expected [Incorrect email or password.] but found [Incorrect email  password]
at rayuduacademy.ErrorValidations.LoginErrorValidation(ErrorValidations.java:19)
... Removed 31 stack frames]]>
    </failure>
  </testcase> <!-- LoginErrorValidation -->
  <testcase name="productErrorValidation" time="13.759" classname="rayuduacademy.ErrorValidations"/>
</testsuite> <!-- Error Validations Test -->
