<?xml version="1.0" encoding="UTF-8"?>
<!-- Generated by org.testng.reporters.JUnitXMLReporter -->
<testsuite hostname="Rayudu-PC" ignored="0" name="Submit Order Test" tests="3" failures="0" timestamp="15 Mar 2023 19:31:39 GMT" time="57.871" errors="0">
  <testcase name="submitOrder" time="17.26" classname="rayuduacademy.SubmitOrderTest"/>
  <testcase name="submitOrder" time="17.398" classname="rayuduacademy.SubmitOrderTest"/>
  <testcase name="OrderHistoryTest" time="1.078" classname="rayuduacademy.SubmitOrderTest"/>
</testsuite> <!-- Submit Order Test -->
