<?xml version="1.0" encoding="UTF-8"?>
<testng-results skipped="0" failed="0" ignored="0" total="1" passed="1">
  <reporter-output>
  </reporter-output>
  <suite name="Default suite" duration-ms="14787" started-at="2023-03-03T10:36:26Z" finished-at="2023-03-03T10:36:41Z">
    <groups>
    </groups>
    <test name="Default test" duration-ms="14787" started-at="2023-03-03T10:36:26Z" finished-at="2023-03-03T10:36:41Z">
      <class name="rayuduacademy.ExtentReports.ExtentReportsDemo">
        <test-method status="PASS" signature="config()[pri:0, instance:rayuduacademy.ExtentReports.ExtentReportsDemo@780cb77]" name="config" is-config="true" duration-ms="336" started-at="2023-03-03T10:36:26Z" finished-at="2023-03-03T10:36:26Z">
          <reporter-output>
          </reporter-output>
        </test-method> <!-- config -->
        <test-method status="PASS" signature="initialDemo()[pri:0, instance:rayuduacademy.ExtentReports.ExtentReportsDemo@780cb77]" name="initialDemo" duration-ms="14428" started-at="2023-03-03T10:36:26Z" finished-at="2023-03-03T10:36:41Z">
          <reporter-output>
          </reporter-output>
        </test-method> <!-- initialDemo -->
      </class> <!-- rayuduacademy.ExtentReports.ExtentReportsDemo -->
    </test> <!-- Default test -->
  </suite> <!-- Default suite -->
</testng-results>
