<?xml version="1.0" encoding="UTF-8"?>
<!-- Generated by org.testng.reporters.JUnitXMLReporter -->
<testsuite hostname="Rayudu-PC" ignored="0" name="Error Validations Test" tests="3" failures="1" timestamp="29 Mar 2023 05:24:30 GMT" time="38.591" errors="0">
  <testcase name="LoginErrorValidation" time="0.874" classname="rayuduacademy.ErrorValidations">
    <skipped/>
  </testcase> <!-- LoginErrorValidation -->
  <testcase name="LoginErrorValidation" time="0.755" classname="rayuduacademy.ErrorValidations">
    <failure type="java.lang.AssertionError" message="expected [Incorrect email or password.] but found [Incorrect email  password]">
      <![CDATA[java.lang.AssertionError: expected [Incorrect email or password.] but found [Incorrect email  password]
at rayuduacademy.ErrorValidations.LoginErrorValidation(ErrorValidations.java:19)
... Removed 35 stack frames]]>
    </failure>
  </testcase> <!-- LoginErrorValidation -->
  <testcase name="productErrorValidation" time="14.065" classname="rayuduacademy.ErrorValidations"/>
</testsuite> <!-- Error Validations Test -->
