<?xml version="1.0" encoding="UTF-8"?>
<!-- Generated by org.testng.reporters.JUnitXMLReporter -->
<testsuite hostname="Rayudu-PC" ignored="0" name="Submit Order Test" tests="3" failures="0" timestamp="29 Mar 2023 05:23:51 GMT" time="80.336" errors="0">
  <testcase name="submitOrder" time="21.698" classname="rayuduacademy.SubmitOrderTest"/>
  <testcase name="submitOrder" time="17.149" classname="rayuduacademy.SubmitOrderTest"/>
  <testcase name="OrderHistoryTest" time="1.585" classname="rayuduacademy.SubmitOrderTest"/>
</testsuite> <!-- Submit Order Test -->
