<?xml version="1.0" encoding="UTF-8"?>
<!-- Generated by org.testng.reporters.JUnitXMLReporter -->
<testsuite hostname="Rayudu-PC" ignored="2" name="Car Loan" tests="5" failures="0" timestamp="2023-02-23T00:41:14 IST" time="0.041" errors="0">
  <testcase name="mobileLoginCarLoan" time="0.003" classname="test.day3"/>
  <testcase name="mobileSignOutCarLoan" time="0.001" classname="test.day3"/>
  <testcase name="mobileSignOutCarLoan" time="0.002" classname="test.day3"/>
  <testcase name="mobileSignOutCarLoan" time="0.003" classname="test.day3"/>
  <testcase name="webLoginCarLoan" time="0.002" classname="test.day3"/>
  <testcase name="loginAPICarLoan" time="0.0" classname="test.day3">
    <ignored/>
  </testcase> <!-- loginAPICarLoan -->
  <testcase name="mobileSignInCarLoan" time="0.0" classname="test.day3">
    <ignored/>
  </testcase> <!-- mobileSignInCarLoan -->
</testsuite> <!-- Car Loan -->
