<?xml version="1.0" encoding="UTF-8"?>
<!-- Generated by org.testng.reporters.JUnitXMLReporter -->
<testsuite hostname="Rayudu-PC" ignored="1" name="Personal Loan" tests="5" failures="0" timestamp="2023-02-23T00:41:14 IST" time="0.079" errors="0">
  <testcase name="Demo" time="0.007" classname="test.day1"/>
  <testcase name="pLoan" time="0.002" classname="test.day2"/>
  <testcase name="loginAPIHomeLoan" time="0.003" classname="test.day4"/>
  <testcase name="mobileLoginHomeLoan" time="0.003" classname="test.day4"/>
  <testcase name="webLoginHomeLoan" time="0.006" classname="test.day4"/>
  <testcase name="secondTest" time="0.0" classname="test.day1">
    <ignored/>
  </testcase> <!-- secondTest -->
</testsuite> <!-- Personal Loan -->
