<?xml version="1.0" encoding="UTF-8"?>
<!-- Generated by org.testng.reporters.JUnitXMLReporter -->
<testsuite hostname="Rayudu-PC" ignored="8" name="Regression" tests="3" failures="0" timestamp="2023-02-22T23:36:57 IST" time="0.083" errors="0">
  <testcase name="pLoan" time="0.01" classname="test.day2"/>
  <testcase name="mobileLoginHomeLoan" time="0.001" classname="test.day4"/>
  <testcase name="mobileLoginCarLoan" time="0.006" classname="test.day3"/>
  <testcase name="loginAPIHomeLoan" time="0.0" classname="test.day4">
    <ignored/>
  </testcase> <!-- loginAPIHomeLoan -->
  <testcase name="loginAPICarLoan" time="0.0" classname="test.day3">
    <ignored/>
  </testcase> <!-- loginAPICarLoan -->
  <testcase name="mobileSignInCarLoan" time="0.0" classname="test.day3">
    <ignored/>
  </testcase> <!-- mobileSignInCarLoan -->
  <testcase name="webLoginHomeLoan" time="0.0" classname="test.day4">
    <ignored/>
  </testcase> <!-- webLoginHomeLoan -->
  <testcase name="webLoginCarLoan" time="0.0" classname="test.day3">
    <ignored/>
  </testcase> <!-- webLoginCarLoan -->
  <testcase name="secondTest" time="0.0" classname="test.day1">
    <ignored/>
  </testcase> <!-- secondTest -->
  <testcase name="mobileSignOutCarLoan" time="0.0" classname="test.day3">
    <ignored/>
  </testcase> <!-- mobileSignOutCarLoan -->
  <testcase name="Demo" time="0.0" classname="test.day1">
    <ignored/>
  </testcase> <!-- Demo -->
</testsuite> <!-- Regression -->
